<?xml version="1.0" encoding="UTF-8"?>
<!-- Generated by org.testng.reporters.JUnitXMLReporter -->
<testsuite ignored="0" hostname="LAPTOP-VMPKN6IC" failures="0" tests="3" name="Default test" time="25.609" errors="0" timestamp="2024-12-30T13:12:15 IST">
  <testcase classname="rahulshettyacademy.Tests.SubmitTest" name="submitOrder" time="4.748"/>
  <testcase classname="rahulshettyacademy.Tests.SubmitTest" name="submitOrder" time="4.672"/>
  <testcase classname="rahulshettyacademy.Tests.SubmitTest" name="OrderHistory" time="1.166"/>
</testsuite> <!-- Default test -->
