<?xml version="1.0" encoding="UTF-8"?>
<testng-results ignored="0" total="5" passed="5" failed="0" skipped="0">
  <reporter-output>
  </reporter-output>
  <suite started-at="2024-12-31T19:57:33 IST" name="Suite" finished-at="2024-12-31T19:58:01 IST" duration-ms="27860">
    <groups>
      <group name="ErrorHandling">
        <method signature="ErrorValidation.LogInErrorValidation()[pri:0, instance:rahulshettyacademy.Tests.ErrorValidation@147e2ae7]" name="LogInErrorValidation" class="rahulshettyacademy.Tests.ErrorValidation"/>
      </group> <!-- ErrorHandling -->
      <group name="Purchase">
        <method signature="SubmitTest.submitOrder(java.util.HashMap)[pri:0, instance:rahulshettyacademy.Tests.SubmitTest@55cb6996]" name="submitOrder" class="rahulshettyacademy.Tests.SubmitTest"/>
      </group> <!-- Purchase -->
    </groups>
    <test started-at="2024-12-31T19:57:33 IST" name="ErrorValidation" finished-at="2024-12-31T19:57:49 IST" duration-ms="15812">
      <class name="rahulshettyacademy.Tests.ErrorValidation">
        <test-method is-config="true" signature="launchApplication()[pri:0, instance:rahulshettyacademy.Tests.ErrorValidation@147e2ae7]" started-at="2024-12-31T19:57:33 IST" name="launchApplication" finished-at="2024-12-31T19:57:40 IST" duration-ms="6151" status="PASS">
          <reporter-output>
          </reporter-output>
        </test-method> <!-- launchApplication -->
        <test-method signature="LogInErrorValidation()[pri:0, instance:rahulshettyacademy.Tests.ErrorValidation@147e2ae7]" started-at="2024-12-31T19:57:40 IST" name="LogInErrorValidation" finished-at="2024-12-31T19:57:41 IST" duration-ms="967" status="PASS">
          <reporter-output>
          </reporter-output>
        </test-method> <!-- LogInErrorValidation -->
        <test-method is-config="true" signature="teardown()[pri:0, instance:rahulshettyacademy.Tests.ErrorValidation@147e2ae7]" started-at="2024-12-31T19:57:41 IST" name="teardown" finished-at="2024-12-31T19:57:41 IST" duration-ms="133" status="PASS">
          <reporter-output>
          </reporter-output>
        </test-method> <!-- teardown -->
        <test-method is-config="true" signature="launchApplication()[pri:0, instance:rahulshettyacademy.Tests.ErrorValidation@147e2ae7]" started-at="2024-12-31T19:57:41 IST" name="launchApplication" finished-at="2024-12-31T19:57:45 IST" duration-ms="4368" status="PASS">
          <reporter-output>
          </reporter-output>
        </test-method> <!-- launchApplication -->
        <test-method signature="ProductErrorValidation()[pri:0, instance:rahulshettyacademy.Tests.ErrorValidation@147e2ae7]" started-at="2024-12-31T19:57:45 IST" name="ProductErrorValidation" finished-at="2024-12-31T19:57:49 IST" duration-ms="4042" status="PASS">
          <reporter-output>
          </reporter-output>
        </test-method> <!-- ProductErrorValidation -->
        <test-method is-config="true" signature="teardown()[pri:0, instance:rahulshettyacademy.Tests.ErrorValidation@147e2ae7]" started-at="2024-12-31T19:57:49 IST" name="teardown" finished-at="2024-12-31T19:57:49 IST" duration-ms="87" status="PASS">
          <reporter-output>
          </reporter-output>
        </test-method> <!-- teardown -->
      </class> <!-- rahulshettyacademy.Tests.ErrorValidation -->
    </test> <!-- ErrorValidation -->
    <test started-at="2024-12-31T19:57:33 IST" name="SubmitTest" finished-at="2024-12-31T19:58:01 IST" duration-ms="27860">
      <class name="rahulshettyacademy.Tests.SubmitTest">
        <test-method is-config="true" signature="launchApplication()[pri:0, instance:rahulshettyacademy.Tests.SubmitTest@55cb6996]" started-at="2024-12-31T19:57:34 IST" name="launchApplication" finished-at="2024-12-31T19:57:40 IST" duration-ms="6036" status="PASS">
          <reporter-output>
          </reporter-output>
        </test-method> <!-- launchApplication -->
        <test-method signature="submitOrder(java.util.HashMap)[pri:0, instance:rahulshettyacademy.Tests.SubmitTest@55cb6996]" started-at="2024-12-31T19:57:40 IST" name="submitOrder" data-provider="getData" finished-at="2024-12-31T19:57:45 IST" duration-ms="5399" status="PASS">
          <params>
            <param index="0">
              <value>
                <![CDATA[{password=Puja@123, product=qwerty, email=pujashetty10@gmail.com}]]>
              </value>
            </param>
          </params>
          <reporter-output>
          </reporter-output>
        </test-method> <!-- submitOrder -->
        <test-method is-config="true" signature="teardown()[pri:0, instance:rahulshettyacademy.Tests.SubmitTest@55cb6996]" started-at="2024-12-31T19:57:45 IST" name="teardown" finished-at="2024-12-31T19:57:45 IST" duration-ms="110" status="PASS">
          <reporter-output>
          </reporter-output>
        </test-method> <!-- teardown -->
        <test-method is-config="true" signature="launchApplication()[pri:0, instance:rahulshettyacademy.Tests.SubmitTest@55cb6996]" started-at="2024-12-31T19:57:45 IST" name="launchApplication" finished-at="2024-12-31T19:57:51 IST" duration-ms="5234" status="PASS">
          <reporter-output>
          </reporter-output>
        </test-method> <!-- launchApplication -->
        <test-method signature="submitOrder(java.util.HashMap)[pri:0, instance:rahulshettyacademy.Tests.SubmitTest@55cb6996]" started-at="2024-12-31T19:57:51 IST" name="submitOrder" data-provider="getData" finished-at="2024-12-31T19:57:55 IST" duration-ms="4741" status="PASS">
          <params>
            <param index="0">
              <value>
                <![CDATA[{password=Shlok&123, product=ADIDAS ORIGINAL, email=shlok23@gmail.com}]]>
              </value>
            </param>
          </params>
          <reporter-output>
          </reporter-output>
        </test-method> <!-- submitOrder -->
        <test-method is-config="true" signature="teardown()[pri:0, instance:rahulshettyacademy.Tests.SubmitTest@55cb6996]" started-at="2024-12-31T19:57:55 IST" name="teardown" finished-at="2024-12-31T19:57:55 IST" duration-ms="99" status="PASS">
          <reporter-output>
          </reporter-output>
        </test-method> <!-- teardown -->
        <test-method is-config="true" signature="launchApplication()[pri:0, instance:rahulshettyacademy.Tests.SubmitTest@55cb6996]" started-at="2024-12-31T19:57:55 IST" name="launchApplication" finished-at="2024-12-31T19:58:00 IST" duration-ms="4538" status="PASS">
          <reporter-output>
          </reporter-output>
        </test-method> <!-- launchApplication -->
        <test-method signature="OrderHistory()[pri:0, instance:rahulshettyacademy.Tests.SubmitTest@55cb6996]" started-at="2024-12-31T19:58:00 IST" name="OrderHistory" finished-at="2024-12-31T19:58:01 IST" depends-on-methods="rahulshettyacademy.Tests.SubmitTest.submitOrder" duration-ms="1199" status="PASS">
          <reporter-output>
          </reporter-output>
        </test-method> <!-- OrderHistory -->
        <test-method is-config="true" signature="teardown()[pri:0, instance:rahulshettyacademy.Tests.SubmitTest@55cb6996]" started-at="2024-12-31T19:58:01 IST" name="teardown" finished-at="2024-12-31T19:58:01 IST" duration-ms="182" status="PASS">
          <reporter-output>
          </reporter-output>
        </test-method> <!-- teardown -->
      </class> <!-- rahulshettyacademy.Tests.SubmitTest -->
    </test> <!-- SubmitTest -->
  </suite> <!-- Suite -->
</testng-results>
