<?xml version="1.0" encoding="UTF-8"?>
<!-- Generated by org.testng.reporters.JUnitXMLReporter -->
<testsuite ignored="0" hostname="LAPTOP-VMPKN6IC" failures="1" tests="3" name="SubmitTest" time="19.812" errors="0" timestamp="2024-12-30T11:14:20 IST">
  <testcase classname="rahulshettyacademy.Tests.SubmitTest" name="submitOrder" time="1.579">
    <failure type="java.lang.NullPointerException" message="Cannot invoke &amp;quot;org.openqa.selenium.WebElement.findElement(org.openqa.selenium.By)&amp;quot; because &amp;quot;prod&amp;quot; is null">
      <![CDATA[java.lang.NullPointerException: Cannot invoke "org.openqa.selenium.WebElement.findElement(org.openqa.selenium.By)" because "prod" is null
at RahulShettyAcademy.PageObject.ProductCatelogue.AddToCart(ProductCatelogue.java:47)
at rahulshettyacademy.Tests.SubmitTest.submitOrder(SubmitTest.java:36)
at java.base/java.util.ArrayList.forEach(ArrayList.java:1596)
at java.base/java.util.concurrent.FutureTask.run(FutureTask.java:317)
at java.base/java.util.concurrent.ThreadPoolExecutor.runWorker(ThreadPoolExecutor.java:1144)
at java.base/java.util.concurrent.ThreadPoolExecutor$Worker.run(ThreadPoolExecutor.java:642)
at java.base/java.lang.Thread.run(Thread.java:1583)
... Removed 16 stack frames]]>
    </failure>
  </testcase> <!-- submitOrder -->
  <testcase classname="rahulshettyacademy.Tests.SubmitTest" name="submitOrder" time="4.828"/>
  <testcase classname="rahulshettyacademy.Tests.SubmitTest" name="OrderHistory" time="0.0">
    <skipped/>
  </testcase> <!-- OrderHistory -->
</testsuite> <!-- SubmitTest -->
