<?xml version="1.0" encoding="UTF-8"?>
<!-- Generated by org.testng.reporters.JUnitXMLReporter -->
<testsuite ignored="0" hostname="LAPTOP-VMPKN6IC" failures="0" tests="2" name="ErrorValidation" time="25.079" errors="0" timestamp="2024-12-31T19:53:07 IST">
  <testcase classname="rahulshettyacademy.Tests.ErrorValidation" name="LogInErrorValidation" time="2.902"/>
  <testcase classname="rahulshettyacademy.Tests.ErrorValidation" name="ProductErrorValidation" time="5.884"/>
</testsuite> <!-- ErrorValidation -->
