<?xml version="1.0" encoding="UTF-8"?>
<!-- Generated by org.testng.reporters.JUnitXMLReporter -->
<testsuite ignored="0" hostname="LAPTOP-VMPKN6IC" failures="0" tests="3" name="SubmitTest" time="39.063" errors="0" timestamp="2024-12-31T19:53:21 IST">
  <testcase classname="rahulshettyacademy.Tests.SubmitTest" name="submitOrder" time="8.247"/>
  <testcase classname="rahulshettyacademy.Tests.SubmitTest" name="submitOrder" time="4.476"/>
  <testcase classname="rahulshettyacademy.Tests.SubmitTest" name="OrderHistory" time="0.984"/>
</testsuite> <!-- SubmitTest -->
