<?xml version="1.0" encoding="UTF-8"?>
<!-- Generated by org.testng.reporters.JUnitXMLReporter -->
<testsuite ignored="0" hostname="LAPTOP-VMPKN6IC" failures="0" tests="3" name="SubmitTest" time="27.86" errors="0" timestamp="2024-12-31T19:58:01 IST">
  <testcase classname="rahulshettyacademy.Tests.SubmitTest" name="submitOrder" time="5.399"/>
  <testcase classname="rahulshettyacademy.Tests.SubmitTest" name="submitOrder" time="4.741"/>
  <testcase classname="rahulshettyacademy.Tests.SubmitTest" name="OrderHistory" time="1.199"/>
</testsuite> <!-- SubmitTest -->
